This is pdfTeX, Version 3.1415926-2.3-1.40.12 (MiKTeX 2.9) (preloaded format=pdflatex 2018.9.18)  6 JUL 2019 17:19
entering extended mode
**sybg-tamplate.tex
(C:\Users\Kansx\Desktop\高性能作业\sybg-2018\sybg\sybg-tamplate.tex
LaTeX2e <2011/06/27>
Babel <v3.8m> and hyphenation patterns for loaded.
("D:\Program Files(x86)\CTEX\MiKTeX\tex\latex\base\article.cls"
Document Class: article 2007/10/19 v1.4h Standard LaTeX document class
("D:\Program Files(x86)\CTEX\MiKTeX\tex\latex\base\size11.clo"
File: size11.clo 2007/10/19 v1.4h Standard LaTeX file (size option)
)
\c@part=\count79
\c@section=\count80
\c@subsection=\count81
\c@subsubsection=\count82
\c@paragraph=\count83
\c@subparagraph=\count84
\c@figure=\count85
\c@table=\count86
\abovecaptionskip=\skip41
\belowcaptionskip=\skip42
\bibindent=\dimen102
)
("D:\Program Files(x86)\CTEX\MiKTeX\tex\latex\cjk\CJK.sty"
Package: CJK 2008/12/29 4.8.2

("D:\Program Files(x86)\CTEX\MiKTeX\tex\latex\cjk\mule\MULEenc.sty"
Package: MULEenc 2008/12/29 4.8.2
)
("D:\Program Files(x86)\CTEX\MiKTeX\tex\latex\cjk\CJK.enc"
File: CJK.enc 2008/12/29 4.8.2
)
LaTeX Info: Redefining \selectfont on input line 756.
\CJK@indent=\box26
)
("D:\Program Files(x86)\CTEX\MiKTeX\tex\latex\cjk\CJKnumb.sty"
Package: CJKnumb 2008/12/29 4.8.2
\CJK@q=\count87
\CJK@r=\count88
)
("D:\Program Files(x86)\CTEX\MiKTeX\tex\latex\cjk\CJKulem.sty"
Package: CJKulem 2008/12/29 4.8.2

("D:\Program Files(x86)\CTEX\MiKTeX\tex\latex\ulem\ulem.sty"
\UL@box=\box27
\UL@hyphenbox=\box28
\UL@skip=\skip43
\UL@hook=\toks14
\UL@height=\dimen103
\UL@pe=\count89
\UL@pixel=\dimen104
\ULC@box=\box29
Package: ulem 2011/03/18
\ULdepth=\dimen105
)
\UL@lastkern=\dimen106
\CJK@skip=\skip44
)
("D:\Program Files(x86)\CTEX\MiKTeX\tex\latex\fancyhdr\fancyhdr.sty"
\fancy@headwidth=\skip45
\f@ncyO@elh=\skip46
\f@ncyO@erh=\skip47
\f@ncyO@olh=\skip48
\f@ncyO@orh=\skip49
\f@ncyO@elf=\skip50
\f@ncyO@erf=\skip51
\f@ncyO@olf=\skip52
\f@ncyO@orf=\skip53
)
("D:\Program Files(x86)\CTEX\MiKTeX\tex\latex\ams\math\amsmath.sty"
Package: amsmath 2000/07/18 v2.13 AMS math features
\@mathmargin=\skip54

For additional information on amsmath, use the `?' option.
("D:\Program Files(x86)\CTEX\MiKTeX\tex\latex\ams\math\amstext.sty"
Package: amstext 2000/06/29 v2.01

("D:\Program Files(x86)\CTEX\MiKTeX\tex\latex\ams\math\amsgen.sty"
File: amsgen.sty 1999/11/30 v2.0
\@emptytoks=\toks15
\ex@=\dimen107
))
("D:\Program Files(x86)\CTEX\MiKTeX\tex\latex\ams\math\amsbsy.sty"
Package: amsbsy 1999/11/29 v1.2d
\pmbraise@=\dimen108
)
("D:\Program Files(x86)\CTEX\MiKTeX\tex\latex\ams\math\amsopn.sty"
Package: amsopn 1999/12/14 v2.01 operator names
)
\inf@bad=\count90
LaTeX Info: Redefining \frac on input line 211.
\uproot@=\count91
\leftroot@=\count92
LaTeX Info: Redefining \overline on input line 307.
\classnum@=\count93
\DOTSCASE@=\count94
LaTeX Info: Redefining \ldots on input line 379.
LaTeX Info: Redefining \dots on input line 382.
LaTeX Info: Redefining \cdots on input line 467.
\Mathstrutbox@=\box30
\strutbox@=\box31
\big@size=\dimen109
LaTeX Font Info:    Redeclaring font encoding OML on input line 567.
LaTeX Font Info:    Redeclaring font encoding OMS on input line 568.
\macc@depth=\count95
\c@MaxMatrixCols=\count96
\dotsspace@=\muskip10
\c@parentequation=\count97
\dspbrk@lvl=\count98
\tag@help=\toks16
\row@=\count99
\column@=\count100
\maxfields@=\count101
\andhelp@=\toks17
\eqnshift@=\dimen110
\alignsep@=\dimen111
\tagshift@=\dimen112
\tagwidth@=\dimen113
\totwidth@=\dimen114
\lineht@=\dimen115
\@envbody=\toks18
\multlinegap=\skip55
\multlinetaggap=\skip56
\mathdisplay@stack=\toks19
LaTeX Info: Redefining \[ on input line 2666.
LaTeX Info: Redefining \] on input line 2667.
)
("D:\Program Files(x86)\CTEX\MiKTeX\tex\latex\amsfonts\amsfonts.sty"
Package: amsfonts 2009/06/22 v3.00 Basic AMSFonts support
\symAMSa=\mathgroup4
\symAMSb=\mathgroup5
LaTeX Font Info:    Overwriting math alphabet `\mathfrak' in version `bold'
(Font)                  U/euf/m/n --> U/euf/b/n on input line 96.
)
("D:\Program Files(x86)\CTEX\MiKTeX\tex\latex\amsfonts\amssymb.sty"
Package: amssymb 2009/06/22 v3.00
)
("D:\Program Files(x86)\CTEX\MiKTeX\tex\latex\graphics\graphicx.sty"
Package: graphicx 1999/02/16 v1.0f Enhanced LaTeX Graphics (DPC,SPQR)

("D:\Program Files(x86)\CTEX\MiKTeX\tex\latex\graphics\keyval.sty"
Package: keyval 1999/03/16 v1.13 key=value parser (DPC)
\KV@toks@=\toks20
)
("D:\Program Files(x86)\CTEX\MiKTeX\tex\latex\graphics\graphics.sty"
Package: graphics 2009/02/05 v1.0o Standard LaTeX Graphics (DPC,SPQR)

("D:\Program Files(x86)\CTEX\MiKTeX\tex\latex\graphics\trig.sty"
Package: trig 1999/03/16 v1.09 sin cos tan (DPC)
)
("D:\Program Files(x86)\CTEX\MiKTeX\tex\latex\00miktex\graphics.cfg"
File: graphics.cfg 2007/01/18 v1.5 graphics configuration of teTeX/TeXLive
)
Package graphics Info: Driver file: pdftex.def on input line 91.

("D:\Program Files(x86)\CTEX\MiKTeX\tex\latex\pdftex-def\pdftex.def"
File: pdftex.def 2011/05/27 v0.06d Graphics/color for pdfTeX

("D:\Program Files(x86)\CTEX\MiKTeX\tex\generic\oberdiek\infwarerr.sty"
Package: infwarerr 2010/04/08 v1.3 Providing info/warning/message (HO)
)
("D:\Program Files(x86)\CTEX\MiKTeX\tex\generic\oberdiek\ltxcmds.sty"
Package: ltxcmds 2011/04/18 v1.20 LaTeX kernel commands for general use (HO)
)
\Gread@gobject=\count102
))
\Gin@req@height=\dimen116
\Gin@req@width=\dimen117
)
("D:\Program Files(x86)\CTEX\MiKTeX\tex\latex\subfigure\subfigure.sty"
Package: subfigure 2002/07/30 v2.1.4 subfigure package
\subfigtopskip=\skip57
\subfigcapskip=\skip58
\subfigcaptopadj=\dimen118
\subfigbottomskip=\skip59
\subfigcapmargin=\dimen119
\subfiglabelskip=\skip60
\c@subfigure=\count103
\c@lofdepth=\count104
\c@subtable=\count105
\c@lotdepth=\count106

****************************************
* Local config file subfigure.cfg used *
****************************************
("D:\Program Files(x86)\CTEX\MiKTeX\tex\latex\subfigure\subfigure.cfg")
\subfig@top=\skip61
\subfig@bottom=\skip62
)
("D:\Program Files(x86)\CTEX\MiKTeX\tex\latex\tools\indentfirst.sty"
Package: indentfirst 1995/11/23 v1.03 Indent first paragraph (DPC)
)
("D:\Program Files(x86)\CTEX\MiKTeX\tex\latex\tools\bm.sty"
Package: bm 2004/02/26 v1.1c Bold Symbol Support (DPC/FMi)
\symboldoperators=\mathgroup6
\symboldletters=\mathgroup7
\symboldsymbols=\mathgroup8
LaTeX Font Info:    Redeclaring math alphabet \mathbf on input line 138.
LaTeX Info: Redefining \bm on input line 204.
)
("D:\Program Files(x86)\CTEX\MiKTeX\tex\latex\ltxmisc\url.sty"
\Urlmuskip=\muskip11
Package: url 2006/04/12  ver 3.3  Verb mode for urls, etc.
)
("D:\Program Files(x86)\CTEX\MiKTeX\tex\latex\caption\caption2.sty"
Package: caption2 2011/08/12 v2.2d Customising captions (AR)


Package caption2 Warning: ****************************************************
(caption2)                THIS PACKAGE IS OBSOLETE:
(caption2)                This package attempts to provide an `caption2'
(caption2)                package v2.0/2.1 author environment so that OLD
(caption2)                documents can be successfully processed. It should
(caption2)                NOT be used for NEW documents! New documents should
(caption2)                use the regular `caption' package v3.x instead.
(caption2)                ****************************************************

("D:\Program Files(x86)\CTEX\MiKTeX\tex\latex\caption\caption3.sty"
Package: caption3 2011/11/01 v1.4a caption3 kernel (AR)
\captionmargin=\dimen120
\captionmargin@=\dimen121
\captionwidth=\dimen122
\caption@indent=\dimen123
\caption@parindent=\dimen124
\caption@hangindent=\dimen125
)
Package caption2 Info: Running in caption2 v2.0 compatibility mode on input lin
e 210.
\captionlinewidth=\dimen126
\realcaptionwidth=\dimen127
Package caption2 Info: subfigure package v2.1 (or newer) detected on input line
 438.
\subfigcapwidth=\dimen128
\subcapindent=\dimen129
)
("D:\Program Files(x86)\CTEX\MiKTeX\tex\latex\natbib\natbib.sty"
Package: natbib 2010/09/13 8.31b (PWD, AO)
\bibhang=\skip63
\bibsep=\skip64
LaTeX Info: Redefining \cite on input line 694.
\c@NAT@ctr=\count107
)
("D:\Program Files(x86)\CTEX\MiKTeX\tex\latex\cjk\standard.bdg"
File: standard.bdg 2008/12/29 4.8.2
)
("D:\Program Files(x86)\CTEX\MiKTeX\tex\latex\cjk\extended.enc"
File: extended.enc 2008/12/29 4.8.2
)
("D:\Program Files(x86)\CTEX\MiKTeX\tex\latex\cjk\extended.chr"
File: extended.chr 2008/12/29 4.8.2
)
(C:\Users\Kansx\Desktop\高性能作业\sybg-2018\sybg\sybg-tamplate.aux)
LaTeX Font Info:    Checking defaults for OML/cmm/m/it on input line 45.
LaTeX Font Info:    ... okay on input line 45.
LaTeX Font Info:    Checking defaults for T1/cmr/m/n on input line 45.
LaTeX Font Info:    ... okay on input line 45.
LaTeX Font Info:    Checking defaults for OT1/cmr/m/n on input line 45.
LaTeX Font Info:    ... okay on input line 45.
LaTeX Font Info:    Checking defaults for OMS/cmsy/m/n on input line 45.
LaTeX Font Info:    ... okay on input line 45.
LaTeX Font Info:    Checking defaults for OMX/cmex/m/n on input line 45.
LaTeX Font Info:    ... okay on input line 45.
LaTeX Font Info:    Checking defaults for U/cmr/m/n on input line 45.
LaTeX Font Info:    ... okay on input line 45.
LaTeX Font Info:    Checking defaults for C00/song/m/n on input line 45.
LaTeX Font Info:    ... okay on input line 45.
LaTeX Font Info:    Checking defaults for C05/song/m/n on input line 45.
LaTeX Font Info:    ... okay on input line 45.
LaTeX Font Info:    Checking defaults for C09/song/m/n on input line 45.
LaTeX Font Info:    ... okay on input line 45.
LaTeX Font Info:    Checking defaults for C10/song/m/n on input line 45.
LaTeX Font Info:    ... okay on input line 45.
LaTeX Font Info:    Checking defaults for C20/song/m/n on input line 45.
LaTeX Font Info:    ... okay on input line 45.
LaTeX Font Info:    Checking defaults for C19/song/m/n on input line 45.
LaTeX Font Info:    ... okay on input line 45.
LaTeX Font Info:    Checking defaults for C40/song/m/n on input line 45.
LaTeX Font Info:    ... okay on input line 45.
LaTeX Font Info:    Checking defaults for C42/song/m/n on input line 45.
LaTeX Font Info:    ... okay on input line 45.
LaTeX Font Info:    Checking defaults for C43/song/m/n on input line 45.
LaTeX Font Info:    ... okay on input line 45.
LaTeX Font Info:    Checking defaults for C50/song/m/n on input line 45.
LaTeX Font Info:    ... okay on input line 45.
LaTeX Font Info:    Checking defaults for C52/song/m/n on input line 45.
LaTeX Font Info:    ... okay on input line 45.
LaTeX Font Info:    Checking defaults for C49/song/m/n on input line 45.
LaTeX Font Info:    ... okay on input line 45.
LaTeX Font Info:    Checking defaults for C60/mj/m/n on input line 45.
LaTeX Font Info:    ... okay on input line 45.
LaTeX Font Info:    Checking defaults for C61/mj/m/n on input line 45.
LaTeX Font Info:    ... okay on input line 45.
LaTeX Font Info:    Checking defaults for C63/mj/m/n on input line 45.
LaTeX Font Info:    ... okay on input line 45.
LaTeX Font Info:    Checking defaults for C64/mj/m/n on input line 45.
LaTeX Font Info:    ... okay on input line 45.
LaTeX Font Info:    Checking defaults for C65/mj/m/n on input line 45.
LaTeX Font Info:    ... okay on input line 45.
LaTeX Font Info:    Checking defaults for C70/song/m/n on input line 45.
LaTeX Font Info:    ... okay on input line 45.
LaTeX Font Info:    Checking defaults for C31/song/m/n on input line 45.
LaTeX Font Info:    ... okay on input line 45.
LaTeX Font Info:    Checking defaults for C32/song/m/n on input line 45.
LaTeX Font Info:    ... okay on input line 45.
LaTeX Font Info:    Checking defaults for C33/song/m/n on input line 45.
LaTeX Font Info:    ... okay on input line 45.
LaTeX Font Info:    Checking defaults for C34/song/m/n on input line 45.
LaTeX Font Info:    ... okay on input line 45.
LaTeX Font Info:    Checking defaults for C35/song/m/n on input line 45.
LaTeX Font Info:    ... okay on input line 45.
LaTeX Font Info:    Checking defaults for C36/song/m/n on input line 45.
LaTeX Font Info:    ... okay on input line 45.
LaTeX Font Info:    Checking defaults for C37/song/m/n on input line 45.
LaTeX Font Info:    ... okay on input line 45.
LaTeX Font Info:    Checking defaults for C80/song/m/n on input line 45.
LaTeX Font Info:    ... okay on input line 45.
LaTeX Font Info:    Checking defaults for C81/song/m/n on input line 45.
LaTeX Font Info:    ... okay on input line 45.
LaTeX Font Info:    Checking defaults for C01/song/m/n on input line 45.
LaTeX Font Info:    ... okay on input line 45.
LaTeX Font Info:    Checking defaults for C11/song/m/n on input line 45.
LaTeX Font Info:    ... okay on input line 45.
LaTeX Font Info:    Checking defaults for C21/song/m/n on input line 45.
LaTeX Font Info:    ... okay on input line 45.
LaTeX Font Info:    Checking defaults for C41/song/m/n on input line 45.
LaTeX Font Info:    ... okay on input line 45.
LaTeX Font Info:    Checking defaults for C62/song/m/n on input line 45.
LaTeX Font Info:    ... okay on input line 45.

("D:\Program Files(x86)\CTEX\MiKTeX\tex\context\base\supp-pdf.mkii"
[Loading MPS to PDF converter (version 2006.09.02).]
\scratchcounter=\count108
\scratchdimen=\dimen130
\scratchbox=\box32
\nofMPsegments=\count109
\nofMParguments=\count110
\everyMPshowfont=\toks21
\MPscratchCnt=\count111
\MPscratchDim=\dimen131
\MPnumerator=\count112
\makeMPintoPDFobject=\count113
\everyMPtoPDFconversion=\toks22
)
Package caption Info: Begin \AtBeginDocument code.
Package caption Info: End \AtBeginDocument code.
 ("D:\Program Files(x86)\CTEX\MiKTeX\tex\latex\cjk\GB\GB.cpx"
File: GB.cpx 2008/12/29 4.8.2


! LaTeX Error: \figureformat undefined.

See the LaTeX manual or LaTeX Companion for explanation.
Type  H <return>  for immediate help.
 ...                                              
                                                  
l.49 \renewcommand\figureformat
                               {\prefigurename~\thefigure~\postfigurename}
? 

! LaTeX Error: \tableformat undefined.

See the LaTeX manual or LaTeX Companion for explanation.
Type  H <return>  for immediate help.
 ...                                              
                                                  
l.53 \renewcommand\tableformat
                              {\pretablename~\thetable~\posttablename}
? 

! LaTeX Error: \partformat undefined.

See the LaTeX manual or LaTeX Companion for explanation.
Type  H <return>  for immediate help.
 ...                                              
                                                  
l.57 \renewcommand\partformat
                             {\prepartname\CJKnumber{\value{part}}\postpartn...

? 
)
LaTeX Font Info:    Try loading font information for C19+song on input line 54.

 ("D:\Program Files(x86)\CTEX\CTeX\tex\latex\CJK\GB\c19song.fd"
File: c19song.fd 2009/09/23 4.8.2
)
LaTeX Font Info:    Try loading font information for U+msa on input line 54.

("D:\Program Files(x86)\CTEX\MiKTeX\tex\latex\amsfonts\umsa.fd"
File: umsa.fd 2009/06/22 v3.00 AMS symbols A
)
LaTeX Font Info:    Try loading font information for U+msb on input line 54.

("D:\Program Files(x86)\CTEX\MiKTeX\tex\latex\amsfonts\umsb.fd"
File: umsb.fd 2009/06/22 v3.00 AMS symbols B
)
LaTeX Font Info:    Try loading font information for C19+kai on input line 54.

("D:\Program Files(x86)\CTEX\CTeX\tex\latex\CJK\GB\c19kai.fd"
File: c19kai.fd 2009/09/23 4.8.2
)
LaTeX Font Info:    Try loading font information for OMS+cmr on input line 79.

("D:\Program Files(x86)\CTEX\MiKTeX\tex\latex\base\omscmr.fd"
File: omscmr.fd 1999/05/25 v2.5h Standard LaTeX font definitions
)
LaTeX Font Info:    Font shape `OMS/cmr/m/n' in size <10.95> not available
(Font)              Font shape `OMS/cmsy/m/n' tried instead on input line 79.
 [1

{D:/Program Files(x86)/CTEX/UserData/pdftex/config/pdftex.map{Unicode.sfd}{UGBK
.sfd}}]
Overfull \hbox (18.45447pt too wide) in paragraph at lines 113--150
 [][] 
 []

<control.pdf, id=54, 1653.67813pt x 597.23125pt>
File: control.pdf Graphic file (type pdf)
 <use control.pdf>
Package pdftex.def Info: control.pdf used on input line 156.
(pdftex.def)             Requested size: 496.10727pt x 179.17075pt.

Overfull \hbox (12.41043pt too wide) in paragraph at lines 156--156
 [][] 
 []

File: control.pdf Graphic file (type pdf)
<use control.pdf>
Package pdftex.def Info: control.pdf used on input line 163.
(pdftex.def)             Requested size: 496.10727pt x 179.17075pt.

Overfull \hbox (12.41043pt too wide) in paragraph at lines 163--163
 [][] 
 []

<node1.pdf, id=55, 1763.58875pt x 625.83812pt>
File: node1.pdf Graphic file (type pdf)
 <use node1.pdf>
Package pdftex.def Info: node1.pdf used on input line 170.
(pdftex.def)             Requested size: 529.08072pt x 187.75287pt.

Overfull \hbox (45.38388pt too wide) in paragraph at lines 170--170
 [][] 
 []

<node2.pdf, id=56, 1733.97812pt x 511.9125pt>
File: node2.pdf Graphic file (type pdf)
 <use node2.pdf>
Package pdftex.def Info: node2.pdf used on input line 176.
(pdftex.def)             Requested size: 520.19745pt x 153.57494pt.

Overfull \hbox (36.50061pt too wide) in paragraph at lines 176--176
 [][] 
 []

[2] [3 <C:/Users/Kansx/Desktop/高性能作业/sybg-2018/sybg/control.pdf>]
[4 <C:/Users/Kansx/Desktop/高性能作业/sybg-2018/sybg/node1.pdf> <C:/Users/
Kansx/Desktop/高性能作业/sybg-2018/sybg/node2.pdf>] [5]
(C:\Users\Kansx\Desktop\高性能作业\sybg-2018\sybg\sybg-tamplate.aux)

LaTeX Warning: Label(s) may have changed. Rerun to get cross-references right.

 ) 
Here is how much of TeX's memory you used:
 5170 strings out of 495354
 68935 string characters out of 3182795
 149687 words of memory out of 3000000
 8200 multiletter control sequences out of 15000+200000
 39412 words of font info for 140 fonts, out of 3000000 for 9000
 14 hyphenation exceptions out of 8191
 36i,9n,43p,671b,667s stack positions out of 5000i,500n,10000p,200000b,50000s
<D:/Program Files(x86)/CTEX/CTeX/fonts/truetype/chinese/simsun.ttf><D:/Progra
m Files(x86)/CTEX/CTeX/fonts/truetype/chinese/simsun.ttf><D:/Program Files(x86)
/CTEX/CTeX/fonts/truetype/chinese/simsun.ttf><D:/Program Files(x86)/CTEX/CTeX/f
onts/truetype/chinese/simsun.ttf><D:/Program Files(x86)/CTEX/CTeX/fonts/truetyp
e/chinese/simsun.ttf><D:/Program Files(x86)/CTEX/CTeX/fonts/truetype/chinese/si
msun.ttf><D:/Program Files(x86)/CTEX/CTeX/fonts/truetype/chinese/simsun.ttf><D:
/Program Files(x86)/CTEX/CTeX/fonts/truetype/chinese/simsun.ttf><D:/Program Fil
es(x86)/CTEX/CTeX/fonts/truetype/chinese/simsun.ttf><D:/Program Files(x86)/CTEX
/CTeX/fonts/truetype/chinese/simsun.ttf><D:/Program Files(x86)/CTEX/CTeX/fonts/
truetype/chinese/simsun.ttf><D:/Program Files(x86)/CTEX/CTeX/fonts/truetype/chi
nese/simsun.ttf><D:/Program Files(x86)/CTEX/CTeX/fonts/truetype/chinese/simsun.
ttf><D:/Program Files(x86)/CTEX/CTeX/fonts/truetype/chinese/simsun.ttf><D:/Prog
ram Files(x86)/CTEX/CTeX/fonts/truetype/chinese/simsun.ttf><D:/Program Files(x8
6)/CTEX/CTeX/fonts/truetype/chinese/simsun.ttf><D:/Program Files(x86)/CTEX/CTeX
/fonts/truetype/chinese/simsun.ttf><D:/Program Files(x86)/CTEX/CTeX/fonts/truet
ype/chinese/simsun.ttf><D:/Program Files(x86)/CTEX/CTeX/fonts/truetype/chinese/
simsun.ttf><D:/Program Files(x86)/CTEX/CTeX/fonts/truetype/chinese/simsun.ttf><
D:/Program Files(x86)/CTEX/CTeX/fonts/truetype/chinese/simsun.ttf><D:/Program F
iles(x86)/CTEX/CTeX/fonts/truetype/chinese/simsun.ttf><D:/Program Files(x86)/CT
EX/CTeX/fonts/truetype/chinese/simsun.ttf><D:/Program Files(x86)/CTEX/CTeX/font
s/truetype/chinese/simsun.ttf><D:/Program Files(x86)/CTEX/CTeX/fonts/truetype/c
hinese/simsun.ttf><C:/WINDOWS/Fonts/simkai.ttf><C:/WINDOWS/Fonts/simkai.ttf><C:
/WINDOWS/Fonts/simkai.ttf><C:/WINDOWS/Fonts/simkai.ttf><C:/WINDOWS/Fonts/simkai
.ttf><C:/WINDOWS/Fonts/simkai.ttf><C:/WINDOWS/Fonts/simkai.ttf><C:/WINDOWS/Font
s/simkai.ttf><C:/WINDOWS/Fonts/simkai.ttf><C:/WINDOWS/Fonts/simkai.ttf><C:/WIND
OWS/Fonts/simkai.ttf><C:/WINDOWS/Fonts/simkai.ttf><C:/WINDOWS/Fonts/simkai.ttf>
<C:/WINDOWS/Fonts/simkai.ttf><D:/Program Files(x86)/CTEX/CTeX/fonts/truetype/ch
inese/simsun.ttf><D:/Program Files(x86)/CTEX/CTeX/fonts/truetype/chinese/simsun
.ttf><D:/Program Files(x86)/CTEX/CTeX/fonts/truetype/chinese/simsun.ttf><D:/Pro
gram Files(x86)/CTEX/CTeX/fonts/truetype/chinese/simsun.ttf><D:/Program Files(x
86)/CTEX/CTeX/fonts/truetype/chinese/simsun.ttf><D:/Program Files(x86)/CTEX/CTe
X/fonts/truetype/chinese/simsun.ttf><D:/Program Files(x86)/CTEX/CTeX/fonts/true
type/chinese/simsun.ttf><D:/Program Files(x86)/CTEX/MiKTeX/fonts/type1/public/a
msfonts/cm/cmbx10.pfb><D:/Program Files(x86)/CTEX/MiKTeX/fonts/type1/public/ams
fonts/cm/cmbx12.pfb><D:/Program Files(x86)/CTEX/MiKTeX/fonts/type1/public/amsfo
nts/cm/cmmi10.pfb><D:/Program Files(x86)/CTEX/MiKTeX/fonts/type1/public/amsfont
s/cm/cmr10.pfb><D:/Program Files(x86)/CTEX/MiKTeX/fonts/type1/public/amsfonts/c
m/cmsy10.pfb><D:/Program Files(x86)/CTEX/MiKTeX/fonts/type1/public/amsfonts/cm/
cmtt10.pfb>
Output written on sybg-tamplate.pdf (5 pages, 1085136 bytes).
PDF statistics:
 270 PDF objects out of 1000 (max. 8388607)
 0 named destinations out of 1000 (max. 500000)
 16 words of extra memory for PDF output out of 10000 (max. 10000000)

